example git:(master) ✗ yarn build                  
yarn run v1.19.0
$ cd ..  && yarn link || true && cd example && yarn link @sentry/webpack-plugin
warning There's already a package called "@sentry/webpack-plugin" registered. This command has had no effect. If this command was run in another folder with the same name, the other folder is still linked. Please run yarn unlink in the other folder if you want to register this folder.
success Using linked package for "@sentry/webpack-plugin".
$ webpack
[Sentry Webpack Plugin] DRY Run Mode
[Sentry Webpack Plugin] Creating new release:
 'foo'
[Sentry Webpack Plugin] Calling upload-sourcemaps with:
 {
  finalize: true,
  rewrite: true,
  include: [ '.' ],
  ignoreFile: '.sentrycliignore',
  ignore: [ 'node_modules', 'webpack.config.js' ],
  configFile: 'sentry.properties',
  dryRun: true,
  release: 'foo',
  dist: '123'
}
[Sentry Webpack Plugin] Finalizing release:
 'foo'
Hash: 36c92facb3777ea60606
Version: webpack 3.10.0
Time: 2167ms
         Asset     Size  Chunks             Chunk Names
main.bundle.js  6.73 kB       0  [emitted]  main
   [0] multi ../src/sentry-webpack.module.js ./index.js 40 bytes {0} [built]
   [1] ../src/sentry-webpack.module.js 980 bytes {0} [built] [failed] [1 error]
   [2] ./index.js 510 bytes {0} [built]
   [3] ./bar.js 61 bytes {0} [built]
   [4] ./bar.js?00 61 bytes {0} [built]
   [5] ./bar.js?01 61 bytes {0} [built]
   [6] ./bar.js?02 61 bytes {0} [built]
   [7] ./bar.js?03 61 bytes {0} [built]
   [8] ./bar.js?04 61 bytes {0} [built]
   [9] ./bar.js?05 61 bytes {0} [built]
  [10] ./bar.js?06 61 bytes {0} [built]
  [11] ./bar.js?07 61 bytes {0} [built]
  [12] ./bar.js?08 61 bytes {0} [built]
  [13] ./bar.js?09 61 bytes {0} [built]
  [14] ./bar.js?10 61 bytes {0} [built]
    + 9 hidden modules

ERROR in ../src/sentry-webpack.module.js
Module build failed: Thread Loader (Worker 1)
releasePromise.then is not a function
    at PoolWorker.fromErrorObj (/Users/lishichao/workspaces/test/sentry-webpack-plugin/node_modules/thread-loader/dist/WorkerPool.js:346:12)
    at /Users/lishichao/workspaces/test/sentry-webpack-plugin/node_modules/thread-loader/dist/WorkerPool.js:219:29
    at mapSeries (/Users/lishichao/workspaces/test/sentry-webpack-plugin/node_modules/neo-async/async.js:3625:14)
    at PoolWorker.onWorkerMessage (/Users/lishichao/workspaces/test/sentry-webpack-plugin/node_modules/thread-loader/dist/WorkerPool.js:173:34)
    at /Users/lishichao/workspaces/test/sentry-webpack-plugin/node_modules/thread-loader/dist/WorkerPool.js:146:14
    at Socket.onChunk (/Users/lishichao/workspaces/test/sentry-webpack-plugin/node_modules/thread-loader/dist/readBuffer.js:40:9)
    at Object.sentryLoader (/Users/lishichao/workspaces/test/sentry-webpack-plugin/src/sentry.loader.js:4:18)
 @ multi ../src/sentry-webpack.module.js ./index.js
error Command failed with exit code 2.
info Visit https://yarnpkg.com/en/docs/cli/run for documentation about this command.